<?xml version="1.0" encoding="UTF-8"?>
<!-- Generated by org.testng.reporters.JUnitReportReporter -->
<testsuite skipped="0" hostname="DUBN33945389A" name="AutomationAcadamy.NavBarAndTitleAssertionTest" tests="1" failures="0" timestamp="16 Jan 2019 19:53:20 GMT" time="3.933" errors="0">
  <testcase name="navBarAssertionTest" time="3.933" classname="AutomationAcadamy.NavBarAndTitleAssertionTest"/>
</testsuite> <!-- AutomationAcadamy.NavBarAndTitleAssertionTest -->
