<?xml version="1.0" encoding="UTF-8"?>
<!-- Generated by org.testng.reporters.JUnitReportReporter -->
<testsuite skipped="0" hostname="DUBN33945389A" name="AutomationAcadamy.HomePageTest" tests="5" failures="0" timestamp="20 Jan 2019 19:53:06 GMT" time="22.939" errors="0">
  <testcase name="basePageNavigationAssert" time="3.775" classname="AutomationAcadamy.HomePageTest"/>
  <testcase name="basePageNavigationAssert" time="3.415" classname="AutomationAcadamy.HomePageTest"/>
  <testcase name="basePageNavigationAssert" time="8.285" classname="AutomationAcadamy.HomePageTest"/>
  <testcase name="basePageNavigationAssert" time="3.422" classname="AutomationAcadamy.HomePageTest"/>
  <testcase name="basePageNavigationAssert" time="4.042" classname="AutomationAcadamy.HomePageTest"/>
</testsuite> <!-- AutomationAcadamy.HomePageTest -->
