<?xml version="1.0" encoding="UTF-8"?>
<!-- Generated by org.testng.reporters.JUnitReportReporter -->
<testsuite hostname="DUBN34630627A" failures="0" tests="1" name="com.paralleltest.ClickAcadamyHomePageTest" time="13.385" errors="0" timestamp="08 Jan 2020 15:47:52 GMT" skipped="0">
  <testcase classname="com.paralleltest.ClickAcadamyHomePageTest" name="homePageTest" time="13.385"/>
</testsuite> <!-- com.paralleltest.ClickAcadamyHomePageTest -->
