<?xml version="1.0" encoding="UTF-8"?>
<!-- Generated by org.testng.reporters.JUnitReportReporter -->
<testsuite skipped="0" hostname="DUBN33945389A" name="AutomationAcadamy.HomePageDatabaseTest" tests="3" failures="0" timestamp="19 Jan 2019 22:02:25 GMT" time="16.585" errors="0">
  <testcase name="basePageNavigationDBData" time="8.296" classname="AutomationAcadamy.HomePageDatabaseTest"/>
  <testcase name="basePageNavigationDBData" time="3.748" classname="AutomationAcadamy.HomePageDatabaseTest"/>
  <testcase name="basePageNavigationDBData" time="4.541" classname="AutomationAcadamy.HomePageDatabaseTest"/>
</testsuite> <!-- AutomationAcadamy.HomePageDatabaseTest -->
