<?xml version="1.0" encoding="UTF-8"?>
<!-- Generated by org.testng.reporters.JUnitReportReporter -->
<testsuite ignored="0" hostname="DUBN34630627A" failures="0" tests="2" name="com.paralleltest.SignInPageTest" time="63.305" errors="0" timestamp="05 Mar 2020 19:10:41 GMT" skipped="0">
  <testcase classname="com.paralleltest.SignInPageTest" name="loginTestDBData" time="30.552"/>
  <testcase classname="com.paralleltest.SignInPageTest" name="loginTestDBData" time="32.753"/>
</testsuite> <!-- com.paralleltest.SignInPageTest -->
